  CreateHeap.h
  CreateHuffman.h
  encodeFile.cpp
d:\data structure program\project2\project2\huffman code\huffman\encodefile.cpp(24): error C4996: 'strcat': This function or variable may be unsafe. Consider using strcat_s instead. To disable deprecation, use _CRT_SECURE_NO_WARNINGS. See online help for details.
  c:\program files (x86)\windows kits\10\include\10.0.17763.0\ucrt\string.h(90): note: 参见“strcat”的声明
d:\data structure program\project2\project2\huffman code\huffman\encodefile.cpp(39): error C4996: 'strcpy': This function or variable may be unsafe. Consider using strcpy_s instead. To disable deprecation, use _CRT_SECURE_NO_WARNINGS. See online help for details.
  c:\program files (x86)\windows kits\10\include\10.0.17763.0\ucrt\string.h(133): note: 参见“strcpy”的声明
d:\data structure program\project2\project2\huffman code\huffman\encodefile.cpp(40): error C4996: 'strcat': This function or variable may be unsafe. Consider using strcat_s instead. To disable deprecation, use _CRT_SECURE_NO_WARNINGS. See online help for details.
  c:\program files (x86)\windows kits\10\include\10.0.17763.0\ucrt\string.h(90): note: 参见“strcat”的声明
d:\data structure program\project2\project2\huffman code\huffman\encodefile.cpp(41): error C4996: 'strcat': This function or variable may be unsafe. Consider using strcat_s instead. To disable deprecation, use _CRT_SECURE_NO_WARNINGS. See online help for details.
  c:\program files (x86)\windows kits\10\include\10.0.17763.0\ucrt\string.h(90): note: 参见“strcat”的声明
d:\data structure program\project2\project2\huffman code\huffman\encodefile.cpp(49): error C4996: 'strcat': This function or variable may be unsafe. Consider using strcat_s instead. To disable deprecation, use _CRT_SECURE_NO_WARNINGS. See online help for details.
  c:\program files (x86)\windows kits\10\include\10.0.17763.0\ucrt\string.h(90): note: 参见“strcat”的声明
d:\data structure program\project2\project2\huffman code\huffman\encodefile.cpp(59): warning C4267: “初始化”: 从“size_t”转换到“int”，可能丢失数据
d:\data structure program\project2\project2\huffman code\huffman\encodefile.cpp(147): warning C4267: “初始化”: 从“size_t”转换到“int”，可能丢失数据
d:\data structure program\project2\project2\huffman code\huffman\encodefile.cpp(118): error C4996: 'strcat': This function or variable may be unsafe. Consider using strcat_s instead. To disable deprecation, use _CRT_SECURE_NO_WARNINGS. See online help for details.
  c:\program files (x86)\windows kits\10\include\10.0.17763.0\ucrt\string.h(90): note: 参见“strcat”的声明
  d:\data structure program\project2\project2\huffman code\huffman\encodefile.cpp(103): note: 参见对正在编译的函数 模板 实例化“void encode<E>(HuffNode<E> *,char *,int,char [])”的引用
          with
          [
              E=char
          ]
  decodeFile.cpp
d:\data structure program\project2\project2\huffman code\huffman\decodefile.cpp(22): error C4996: 'strcat': This function or variable may be unsafe. Consider using strcat_s instead. To disable deprecation, use _CRT_SECURE_NO_WARNINGS. See online help for details.
  c:\program files (x86)\windows kits\10\include\10.0.17763.0\ucrt\string.h(90): note: 参见“strcat”的声明
d:\data structure program\project2\project2\huffman code\huffman\decodefile.cpp(88): warning C4267: “初始化”: 从“size_t”转换到“int”，可能丢失数据
d:\data structure program\project2\project2\huffman code\huffman\decodefile.cpp(124): warning C4267: “初始化”: 从“size_t”转换到“int”，可能丢失数据
d:\data structure program\project2\project2\huffman code\huffman\decodefile.cpp(116): error C4996: 'strcat': This function or variable may be unsafe. Consider using strcat_s instead. To disable deprecation, use _CRT_SECURE_NO_WARNINGS. See online help for details.
  c:\program files (x86)\windows kits\10\include\10.0.17763.0\ucrt\string.h(90): note: 参见“strcat”的声明
  test.cpp
  正在生成代码...
